<?xml version="1.0" encoding="UTF-8"?>
<testsuite xmlns:xsi="http://www.w3.org/2001/XMLSchema-instance" xsi:noNamespaceSchemaLocation="https://maven.apache.org/surefire/maven-surefire-plugin/xsd/surefire-test-report-3.0.xsd" version="3.0" name="TestSuite" time="491.693" tests="8" errors="0" skipped="0" failures="0">
  <properties>
    <property name="sun.desktop" value="windows"/>
    <property name="awt.toolkit" value="sun.awt.windows.WToolkit"/>
    <property name="java.specification.version" value="11"/>
    <property name="webdriver.chrome.driver" value="C:\Users\kanwaljeetsingh\.m2\repository\webdriver\chromedriver\win32\102.0.5005.61\chromedriver.exe"/>
    <property name="sun.cpu.isalist" value="amd64"/>
    <property name="sun.jnu.encoding" value="Cp1252"/>
    <property name="java.class.path" value="D:\OneDrive - Nagarro\LEARNING\SELENIUM_PROJECTS\MyAmazonV1\target\test-classes;D:\OneDrive - Nagarro\LEARNING\SELENIUM_PROJECTS\MyAmazonV1\target\classes;C:\Users\kanwaljeetsingh\.m2\repository\org\seleniumhq\selenium\selenium-java\3.141.59\selenium-java-3.141.59.jar;C:\Users\kanwaljeetsingh\.m2\repository\org\seleniumhq\selenium\selenium-api\3.141.59\selenium-api-3.141.59.jar;C:\Users\kanwaljeetsingh\.m2\repository\org\seleniumhq\selenium\selenium-chrome-driver\3.141.59\selenium-chrome-driver-3.141.59.jar;C:\Users\kanwaljeetsingh\.m2\repository\org\seleniumhq\selenium\selenium-edge-driver\3.141.59\selenium-edge-driver-3.141.59.jar;C:\Users\kanwaljeetsingh\.m2\repository\org\seleniumhq\selenium\selenium-firefox-driver\3.141.59\selenium-firefox-driver-3.141.59.jar;C:\Users\kanwaljeetsingh\.m2\repository\org\seleniumhq\selenium\selenium-ie-driver\3.141.59\selenium-ie-driver-3.141.59.jar;C:\Users\kanwaljeetsingh\.m2\repository\org\seleniumhq\selenium\selenium-opera-driver\3.141.59\selenium-opera-driver-3.141.59.jar;C:\Users\kanwaljeetsingh\.m2\repository\org\seleniumhq\selenium\selenium-remote-driver\3.141.59\selenium-remote-driver-3.141.59.jar;C:\Users\kanwaljeetsingh\.m2\repository\org\seleniumhq\selenium\selenium-safari-driver\3.141.59\selenium-safari-driver-3.141.59.jar;C:\Users\kanwaljeetsingh\.m2\repository\org\seleniumhq\selenium\selenium-support\3.141.59\selenium-support-3.141.59.jar;C:\Users\kanwaljeetsingh\.m2\repository\net\bytebuddy\byte-buddy\1.8.15\byte-buddy-1.8.15.jar;C:\Users\kanwaljeetsingh\.m2\repository\org\apache\commons\commons-exec\1.3\commons-exec-1.3.jar;C:\Users\kanwaljeetsingh\.m2\repository\com\google\guava\guava\25.0-jre\guava-25.0-jre.jar;C:\Users\kanwaljeetsingh\.m2\repository\com\google\code\findbugs\jsr305\1.3.9\jsr305-1.3.9.jar;C:\Users\kanwaljeetsingh\.m2\repository\org\checkerframework\checker-compat-qual\2.0.0\checker-compat-qual-2.0.0.jar;C:\Users\kanwaljeetsingh\.m2\repository\com\google\errorprone\error_prone_annotations\2.1.3\error_prone_annotations-2.1.3.jar;C:\Users\kanwaljeetsingh\.m2\repository\com\google\j2objc\j2objc-annotations\1.1\j2objc-annotations-1.1.jar;C:\Users\kanwaljeetsingh\.m2\repository\org\codehaus\mojo\animal-sniffer-annotations\1.14\animal-sniffer-annotations-1.14.jar;C:\Users\kanwaljeetsingh\.m2\repository\com\squareup\okhttp3\okhttp\3.11.0\okhttp-3.11.0.jar;C:\Users\kanwaljeetsingh\.m2\repository\com\squareup\okio\okio\1.14.0\okio-1.14.0.jar;C:\Users\kanwaljeetsingh\.m2\repository\org\slf4j\slf4j-api\1.7.36\slf4j-api-1.7.36.jar;C:\Users\kanwaljeetsingh\.m2\repository\org\slf4j\slf4j-simple\1.7.36\slf4j-simple-1.7.36.jar;C:\Users\kanwaljeetsingh\.m2\repository\org\apache\poi\poi-ooxml-schemas\4.1.2\poi-ooxml-schemas-4.1.2.jar;C:\Users\kanwaljeetsingh\.m2\repository\org\apache\poi\poi\4.1.2\poi-4.1.2.jar;C:\Users\kanwaljeetsingh\.m2\repository\commons-codec\commons-codec\1.13\commons-codec-1.13.jar;C:\Users\kanwaljeetsingh\.m2\repository\org\apache\commons\commons-math3\3.6.1\commons-math3-3.6.1.jar;C:\Users\kanwaljeetsingh\.m2\repository\com\zaxxer\SparseBitSet\1.2\SparseBitSet-1.2.jar;C:\Users\kanwaljeetsingh\.m2\repository\org\apache\xmlbeans\xmlbeans\3.1.0\xmlbeans-3.1.0.jar;C:\Users\kanwaljeetsingh\.m2\repository\org\apache\commons\commons-collections4\4.4\commons-collections4-4.4.jar;C:\Users\kanwaljeetsingh\.m2\repository\org\apache\poi\poi-ooxml\4.1.2\poi-ooxml-4.1.2.jar;C:\Users\kanwaljeetsingh\.m2\repository\org\apache\commons\commons-compress\1.19\commons-compress-1.19.jar;C:\Users\kanwaljeetsingh\.m2\repository\com\github\virtuald\curvesapi\1.06\curvesapi-1.06.jar;C:\Users\kanwaljeetsingh\.m2\repository\com\aventstack\extentreports\4.1.2\extentreports-4.1.2.jar;C:\Users\kanwaljeetsingh\.m2\repository\org\freemarker\freemarker\2.3.29\freemarker-2.3.29.jar;C:\Users\kanwaljeetsingh\.m2\repository\org\apache\httpcomponents\httpclient\4.5.2\httpclient-4.5.2.jar;C:\Users\kanwaljeetsingh\.m2\repository\org\apache\httpcomponents\httpcore\4.4.4\httpcore-4.4.4.jar;C:\Users\kanwaljeetsingh\.m2\repository\commons-logging\commons-logging\1.2\commons-logging-1.2.jar;C:\Users\kanwaljeetsingh\.m2\repository\org\apache\httpcomponents\httpmime\4.5.2\httpmime-4.5.2.jar;C:\Users\kanwaljeetsingh\.m2\repository\com\google\code\gson\gson\2.8.6\gson-2.8.6.jar;C:\Users\kanwaljeetsingh\.m2\repository\org\mongodb\mongodb-driver\3.12.0\mongodb-driver-3.12.0.jar;C:\Users\kanwaljeetsingh\.m2\repository\org\mongodb\mongodb-driver-core\3.12.0\mongodb-driver-core-3.12.0.jar;C:\Users\kanwaljeetsingh\.m2\repository\org\mongodb\bson\3.12.0\bson-3.12.0.jar;C:\Users\kanwaljeetsingh\.m2\repository\commons-io\commons-io\2.6\commons-io-2.6.jar;C:\Users\kanwaljeetsingh\.m2\repository\org\testng\testng\7.4.0\testng-7.4.0.jar;C:\Users\kanwaljeetsingh\.m2\repository\com\beust\jcommander\1.78\jcommander-1.78.jar;C:\Users\kanwaljeetsingh\.m2\repository\org\webjars\jquery\3.5.1\jquery-3.5.1.jar;C:\Users\kanwaljeetsingh\.m2\repository\org\apache\logging\log4j\log4j-api\2.17.2\log4j-api-2.17.2.jar;C:\Users\kanwaljeetsingh\.m2\repository\org\apache\logging\log4j\log4j-core\2.17.2\log4j-core-2.17.2.jar;C:\Users\kanwaljeetsingh\.m2\repository\io\github\bonigarcia\webdrivermanager\4.0.0\webdrivermanager-4.0.0.jar;C:\Users\kanwaljeetsingh\.m2\repository\org\apache\commons\commons-lang3\3.10\commons-lang3-3.10.jar;C:\Users\kanwaljeetsingh\.m2\repository\org\apache\httpcomponents\client5\httpclient5\5.0\httpclient5-5.0.jar;C:\Users\kanwaljeetsingh\.m2\repository\org\apache\httpcomponents\core5\httpcore5\5.0\httpcore5-5.0.jar;C:\Users\kanwaljeetsingh\.m2\repository\org\apache\httpcomponents\core5\httpcore5-h2\5.0\httpcore5-h2-5.0.jar;C:\Users\kanwaljeetsingh\.m2\repository\org\rauschig\jarchivelib\1.0.0\jarchivelib-1.0.0.jar;C:\Users\kanwaljeetsingh\.m2\repository\org\jsoup\jsoup\1.13.1\jsoup-1.13.1.jar;C:\Users\kanwaljeetsingh\.m2\repository\junit\junit\3.8.1\junit-3.8.1.jar;"/>
    <property name="java.vm.vendor" value="Oracle Corporation"/>
    <property name="sun.arch.data.model" value="64"/>
    <property name="user.variant" value=""/>
    <property name="java.vendor.url" value="http://java.oracle.com/"/>
    <property name="user.timezone" value="Asia/Calcutta"/>
    <property name="java.vm.specification.version" value="11"/>
    <property name="os.name" value="Windows 10"/>
    <property name="sun.java.launcher" value="SUN_STANDARD"/>
    <property name="user.country" value="US"/>
    <property name="sun.boot.library.path" value="C:\Program Files\Java\jdk-11.0.3\bin"/>
    <property name="sun.java.command" value="C:\Users\kanwaljeetsingh\AppData\Local\Temp\surefire5927929582557772993\surefirebooter930194658281834644.jar C:\Users\kanwaljeetsingh\AppData\Local\Temp\surefire5927929582557772993 2022-06-17T11-19-15_855-jvmRun1 surefire11701398043426187803tmp surefire_05733536355525318457tmp"/>
    <property name="jdk.debug" value="release"/>
    <property name="surefire.test.class.path" value="D:\OneDrive - Nagarro\LEARNING\SELENIUM_PROJECTS\MyAmazonV1\target\test-classes;D:\OneDrive - Nagarro\LEARNING\SELENIUM_PROJECTS\MyAmazonV1\target\classes;C:\Users\kanwaljeetsingh\.m2\repository\org\seleniumhq\selenium\selenium-java\3.141.59\selenium-java-3.141.59.jar;C:\Users\kanwaljeetsingh\.m2\repository\org\seleniumhq\selenium\selenium-api\3.141.59\selenium-api-3.141.59.jar;C:\Users\kanwaljeetsingh\.m2\repository\org\seleniumhq\selenium\selenium-chrome-driver\3.141.59\selenium-chrome-driver-3.141.59.jar;C:\Users\kanwaljeetsingh\.m2\repository\org\seleniumhq\selenium\selenium-edge-driver\3.141.59\selenium-edge-driver-3.141.59.jar;C:\Users\kanwaljeetsingh\.m2\repository\org\seleniumhq\selenium\selenium-firefox-driver\3.141.59\selenium-firefox-driver-3.141.59.jar;C:\Users\kanwaljeetsingh\.m2\repository\org\seleniumhq\selenium\selenium-ie-driver\3.141.59\selenium-ie-driver-3.141.59.jar;C:\Users\kanwaljeetsingh\.m2\repository\org\seleniumhq\selenium\selenium-opera-driver\3.141.59\selenium-opera-driver-3.141.59.jar;C:\Users\kanwaljeetsingh\.m2\repository\org\seleniumhq\selenium\selenium-remote-driver\3.141.59\selenium-remote-driver-3.141.59.jar;C:\Users\kanwaljeetsingh\.m2\repository\org\seleniumhq\selenium\selenium-safari-driver\3.141.59\selenium-safari-driver-3.141.59.jar;C:\Users\kanwaljeetsingh\.m2\repository\org\seleniumhq\selenium\selenium-support\3.141.59\selenium-support-3.141.59.jar;C:\Users\kanwaljeetsingh\.m2\repository\net\bytebuddy\byte-buddy\1.8.15\byte-buddy-1.8.15.jar;C:\Users\kanwaljeetsingh\.m2\repository\org\apache\commons\commons-exec\1.3\commons-exec-1.3.jar;C:\Users\kanwaljeetsingh\.m2\repository\com\google\guava\guava\25.0-jre\guava-25.0-jre.jar;C:\Users\kanwaljeetsingh\.m2\repository\com\google\code\findbugs\jsr305\1.3.9\jsr305-1.3.9.jar;C:\Users\kanwaljeetsingh\.m2\repository\org\checkerframework\checker-compat-qual\2.0.0\checker-compat-qual-2.0.0.jar;C:\Users\kanwaljeetsingh\.m2\repository\com\google\errorprone\error_prone_annotations\2.1.3\error_prone_annotations-2.1.3.jar;C:\Users\kanwaljeetsingh\.m2\repository\com\google\j2objc\j2objc-annotations\1.1\j2objc-annotations-1.1.jar;C:\Users\kanwaljeetsingh\.m2\repository\org\codehaus\mojo\animal-sniffer-annotations\1.14\animal-sniffer-annotations-1.14.jar;C:\Users\kanwaljeetsingh\.m2\repository\com\squareup\okhttp3\okhttp\3.11.0\okhttp-3.11.0.jar;C:\Users\kanwaljeetsingh\.m2\repository\com\squareup\okio\okio\1.14.0\okio-1.14.0.jar;C:\Users\kanwaljeetsingh\.m2\repository\org\slf4j\slf4j-api\1.7.36\slf4j-api-1.7.36.jar;C:\Users\kanwaljeetsingh\.m2\repository\org\slf4j\slf4j-simple\1.7.36\slf4j-simple-1.7.36.jar;C:\Users\kanwaljeetsingh\.m2\repository\org\apache\poi\poi-ooxml-schemas\4.1.2\poi-ooxml-schemas-4.1.2.jar;C:\Users\kanwaljeetsingh\.m2\repository\org\apache\poi\poi\4.1.2\poi-4.1.2.jar;C:\Users\kanwaljeetsingh\.m2\repository\commons-codec\commons-codec\1.13\commons-codec-1.13.jar;C:\Users\kanwaljeetsingh\.m2\repository\org\apache\commons\commons-math3\3.6.1\commons-math3-3.6.1.jar;C:\Users\kanwaljeetsingh\.m2\repository\com\zaxxer\SparseBitSet\1.2\SparseBitSet-1.2.jar;C:\Users\kanwaljeetsingh\.m2\repository\org\apache\xmlbeans\xmlbeans\3.1.0\xmlbeans-3.1.0.jar;C:\Users\kanwaljeetsingh\.m2\repository\org\apache\commons\commons-collections4\4.4\commons-collections4-4.4.jar;C:\Users\kanwaljeetsingh\.m2\repository\org\apache\poi\poi-ooxml\4.1.2\poi-ooxml-4.1.2.jar;C:\Users\kanwaljeetsingh\.m2\repository\org\apache\commons\commons-compress\1.19\commons-compress-1.19.jar;C:\Users\kanwaljeetsingh\.m2\repository\com\github\virtuald\curvesapi\1.06\curvesapi-1.06.jar;C:\Users\kanwaljeetsingh\.m2\repository\com\aventstack\extentreports\4.1.2\extentreports-4.1.2.jar;C:\Users\kanwaljeetsingh\.m2\repository\org\freemarker\freemarker\2.3.29\freemarker-2.3.29.jar;C:\Users\kanwaljeetsingh\.m2\repository\org\apache\httpcomponents\httpclient\4.5.2\httpclient-4.5.2.jar;C:\Users\kanwaljeetsingh\.m2\repository\org\apache\httpcomponents\httpcore\4.4.4\httpcore-4.4.4.jar;C:\Users\kanwaljeetsingh\.m2\repository\commons-logging\commons-logging\1.2\commons-logging-1.2.jar;C:\Users\kanwaljeetsingh\.m2\repository\org\apache\httpcomponents\httpmime\4.5.2\httpmime-4.5.2.jar;C:\Users\kanwaljeetsingh\.m2\repository\com\google\code\gson\gson\2.8.6\gson-2.8.6.jar;C:\Users\kanwaljeetsingh\.m2\repository\org\mongodb\mongodb-driver\3.12.0\mongodb-driver-3.12.0.jar;C:\Users\kanwaljeetsingh\.m2\repository\org\mongodb\mongodb-driver-core\3.12.0\mongodb-driver-core-3.12.0.jar;C:\Users\kanwaljeetsingh\.m2\repository\org\mongodb\bson\3.12.0\bson-3.12.0.jar;C:\Users\kanwaljeetsingh\.m2\repository\commons-io\commons-io\2.6\commons-io-2.6.jar;C:\Users\kanwaljeetsingh\.m2\repository\org\testng\testng\7.4.0\testng-7.4.0.jar;C:\Users\kanwaljeetsingh\.m2\repository\com\beust\jcommander\1.78\jcommander-1.78.jar;C:\Users\kanwaljeetsingh\.m2\repository\org\webjars\jquery\3.5.1\jquery-3.5.1.jar;C:\Users\kanwaljeetsingh\.m2\repository\org\apache\logging\log4j\log4j-api\2.17.2\log4j-api-2.17.2.jar;C:\Users\kanwaljeetsingh\.m2\repository\org\apache\logging\log4j\log4j-core\2.17.2\log4j-core-2.17.2.jar;C:\Users\kanwaljeetsingh\.m2\repository\io\github\bonigarcia\webdrivermanager\4.0.0\webdrivermanager-4.0.0.jar;C:\Users\kanwaljeetsingh\.m2\repository\org\apache\commons\commons-lang3\3.10\commons-lang3-3.10.jar;C:\Users\kanwaljeetsingh\.m2\repository\org\apache\httpcomponents\client5\httpclient5\5.0\httpclient5-5.0.jar;C:\Users\kanwaljeetsingh\.m2\repository\org\apache\httpcomponents\core5\httpcore5\5.0\httpcore5-5.0.jar;C:\Users\kanwaljeetsingh\.m2\repository\org\apache\httpcomponents\core5\httpcore5-h2\5.0\httpcore5-h2-5.0.jar;C:\Users\kanwaljeetsingh\.m2\repository\org\rauschig\jarchivelib\1.0.0\jarchivelib-1.0.0.jar;C:\Users\kanwaljeetsingh\.m2\repository\org\jsoup\jsoup\1.13.1\jsoup-1.13.1.jar;C:\Users\kanwaljeetsingh\.m2\repository\junit\junit\3.8.1\junit-3.8.1.jar;"/>
    <property name="sun.cpu.endian" value="little"/>
    <property name="user.home" value="C:\Users\kanwaljeetsingh"/>
    <property name="user.language" value="en"/>
    <property name="java.specification.vendor" value="Oracle Corporation"/>
    <property name="java.version.date" value="2019-04-16"/>
    <property name="java.home" value="C:\Program Files\Java\jdk-11.0.3"/>
    <property name="file.separator" value="\"/>
    <property name="basedir" value="D:\OneDrive - Nagarro\LEARNING\SELENIUM_PROJECTS\MyAmazonV1"/>
    <property name="java.vm.compressedOopsMode" value="Zero based"/>
    <property name="line.separator" value="&#10;"/>
    <property name="java.specification.name" value="Java Platform API Specification"/>
    <property name="java.vm.specification.vendor" value="Oracle Corporation"/>
    <property name="java.awt.graphicsenv" value="sun.awt.Win32GraphicsEnvironment"/>
    <property name="surefire.real.class.path" value="C:\Users\kanwaljeetsingh\AppData\Local\Temp\surefire5927929582557772993\surefirebooter930194658281834644.jar"/>
    <property name="user.script" value=""/>
    <property name="sun.management.compiler" value="HotSpot 64-Bit Tiered Compilers"/>
    <property name="java.runtime.version" value="11.0.3+12-LTS"/>
    <property name="user.name" value="kanwaljeetsingh"/>
    <property name="path.separator" value=";"/>
    <property name="os.version" value="10.0"/>
    <property name="java.runtime.name" value="Java(TM) SE Runtime Environment"/>
    <property name="file.encoding" value="Cp1252"/>
    <property name="java.vm.name" value="Java HotSpot(TM) 64-Bit Server VM"/>
    <property name="java.vendor.version" value="18.9"/>
    <property name="localRepository" value="C:\Users\kanwaljeetsingh\.m2\repository"/>
    <property name="java.vendor.url.bug" value="http://bugreport.java.com/bugreport/"/>
    <property name="java.io.tmpdir" value="C:\Users\KANWAL~1\AppData\Local\Temp\"/>
    <property name="java.version" value="11.0.3"/>
    <property name="user.dir" value="D:\OneDrive - Nagarro\LEARNING\SELENIUM_PROJECTS\MyAmazonV1"/>
    <property name="os.arch" value="amd64"/>
    <property name="java.vm.specification.name" value="Java Virtual Machine Specification"/>
    <property name="java.awt.printerjob" value="sun.awt.windows.WPrinterJob"/>
    <property name="sun.os.patch.level" value=""/>
    <property name="java.library.path" value="C:\Program Files\Java\jdk-11.0.3\bin;C:\WINDOWS\Sun\Java\bin;C:\WINDOWS\system32;C:\WINDOWS;C:\Program Files\PowerShell\7;C:\Program Files\Google\Chrome\Application;C:\Program Files\Common Files\Oracle\Java\javapath;C:\Program Files\Eclipse Adoptium\jdk-11.0.15.10-hotspot\bin;C:\WINDOWS\system32;C:\WINDOWS;C:\WINDOWS\System32\Wbem;C:\WINDOWS\System32\WindowsPowerShell\v1.0\;C:\WINDOWS\System32\OpenSSH\;C:\Program Files\Microsoft SQL Server\110\Tools\Binn\;C:\Program Files\Microsoft SQL Server\120\Tools\Binn\;C:\Program Files\Azure Data Studio\bin;C:\Program Files\Microsoft SQL Server\130\Tools\Binn\;C:\Program Files\dotnet\;C:\chromedriver;C:\geckodriver;D:\OneDrive - Nagarro\LEARNING\apache-maven-3.8.5\bin;C:\Program Files\Java\jdk-11.0.3\bin;C:\Program Files\PowerShell\7\;C:\iedriverserver;C:\edgedriver;C:\Users\kanwaljeetsingh\AppData\Local\Microsoft\WindowsApps;C:\Program Files\Azure Data Studio\bin;C:\Program Files\JetBrains\IntelliJ IDEA Educational Edition 2021.3.3\bin;;C:\chromedriver;."/>
    <property name="java.vendor" value="Oracle Corporation"/>
    <property name="java.vm.info" value="mixed mode"/>
    <property name="java.vm.version" value="11.0.3+12-LTS"/>
    <property name="sun.io.unicode.encoding" value="UnicodeLittle"/>
    <property name="java.class.version" value="55.0"/>
  </properties>
  <testcase name="loginTest[vineet123456@gmail.com, vineet123](1)" classname="com.myamazon.testcases.LoginTest" time="19.296">
    <system-out><![CDATA[D:\OneDrive - Nagarro\LEARNING\SELENIUM_PROJECTS\MyAmazonV1
File moved successfully
11:19:51.056 [main] INFO  com.myamazon.utility.Log - -------------Start loginTest------------------------
11:19:51.104 [main] INFO  com.myamazon.utility.Log - Index Page loaded
11:20:01.893 [main] INFO  com.myamazon.utility.Log - Click on SignIn
11:20:02.231 [main] INFO  com.myamazon.utility.Log - Entered text :vineet123456@gmail.com
Successfully entered value
11:20:02.509 [main] INFO  com.myamazon.utility.Log - Entered text :vineet123
Successfully entered value
11:20:09.599 [main] INFO  com.myamazon.utility.Log - Entered Email address and password for login
11:20:09.608 [main] INFO  com.myamazon.utility.Log - Log in validated successfully
11:20:09.608 [main] INFO  com.myamazon.utility.Log - -------------End loginTest------------------------
]]></system-out>
    <system-err><![CDATA[[main] INFO io.github.bonigarcia.wdm.WebDriverManager - Please answer the following questionnaire based on your experience with WebDriverManager. Thanks a lot!
[main] INFO io.github.bonigarcia.wdm.WebDriverManager - ====> http://tiny.cc/wdm-survey <====
[main] INFO io.github.bonigarcia.wdm.WebDriverManager - Using chromedriver 102.0.5005.61 (since Chrome 102 is installed in your machine)
[main] INFO io.github.bonigarcia.wdm.WebDriverManager - Exporting webdriver.chrome.driver as C:\Users\kanwaljeetsingh\.m2\repository\webdriver\chromedriver\win32\102.0.5005.61\chromedriver.exe
Starting ChromeDriver 102.0.5005.61 (0e59bcc00cc4985ce39ad31c150065f159d95ad3-refs/branch-heads/5005@{#819}) on port 29550
Only local connections are allowed.
Please see https://chromedriver.chromium.org/security-considerations for suggestions on keeping ChromeDriver safe.
ChromeDriver was started successfully.
Jun 17, 2022 11:19:24 AM org.openqa.selenium.remote.ProtocolHandshake createSession
INFO: Detected dialect: W3C
]]></system-err>
  </testcase>
  <testcase name="endToEndTest[t-shirt, 2.0, M](1)" classname="com.myamazon.testcases.EndToEndTest" time="79.557">
    <system-out><![CDATA[11:20:29.859 [main] INFO  com.myamazon.utility.Log - -------------Start endToEndTest------------------------
11:20:29.861 [main] INFO  com.myamazon.utility.Log - Index Page loaded
11:20:30.086 [main] INFO  com.myamazon.utility.Log - Entered text :t-shirt
Successfully entered value
11:20:38.134 [main] INFO  com.myamazon.utility.Log - Search Result Page loaded
11:20:53.375 [main] INFO  com.myamazon.utility.Log - Clicked on product on Search Result Page
11:20:53.638 [main] INFO  com.myamazon.utility.Log - Entered text :2.0
Successfully entered value
11:20:53.639 [main] INFO  com.myamazon.utility.Log - Entered quantity
11:20:53.854 [main] INFO  com.myamazon.utility.Log - Dropdown option selected
11:20:53.856 [main] INFO  com.myamazon.utility.Log - Selected size
11:20:54.078 [main] INFO  com.myamazon.utility.Log - Clicked on Add to Cart button
11:21:04.577 [main] INFO  com.myamazon.utility.Log - Clicked on Proceed to Checkout button on Add to Cart page
11:21:16.056 [main] INFO  com.myamazon.utility.Log - Clicked on Proceed to Checkout button on Order page
11:21:16.306 [main] INFO  com.myamazon.utility.Log - Entered text :vineet123456@gmail.com
Successfully entered value
11:21:16.471 [main] INFO  com.myamazon.utility.Log - Entered text :vineet123
Successfully entered value
11:21:26.582 [main] INFO  com.myamazon.utility.Log - User logged in
11:21:31.946 [main] INFO  com.myamazon.utility.Log - Clicked on Proceed to Checkout button on Shipping Page
11:21:32.151 [main] INFO  com.myamazon.utility.Log - Checked Terms checkbox on Shipping Page
11:21:38.915 [main] INFO  com.myamazon.utility.Log - Clicked on Proceed to Checkout button on Payment Page
11:21:43.800 [main] INFO  com.myamazon.utility.Log - Clicked on Payment Method on Order Summary Page
11:21:49.388 [main] INFO  com.myamazon.utility.Log - Clicked on Confirm Order button on Order Summary Page
11:21:49.415 [main] INFO  com.myamazon.utility.Log - confirmOrderMessage validated successfully
11:21:49.416 [main] INFO  com.myamazon.utility.Log - -------------End endToEndTest------------------------
]]></system-out>
    <system-err><![CDATA[[main] INFO io.github.bonigarcia.wdm.WebDriverManager - Please answer the following questionnaire based on your experience with WebDriverManager. Thanks a lot!
[main] INFO io.github.bonigarcia.wdm.WebDriverManager - ====> http://tiny.cc/wdm-survey <====
[main] INFO io.github.bonigarcia.wdm.WebDriverManager - Using chromedriver 102.0.5005.61 (since Chrome 102 is installed in your machine)
[main] INFO io.github.bonigarcia.wdm.WebDriverManager - Exporting webdriver.chrome.driver as C:\Users\kanwaljeetsingh\.m2\repository\webdriver\chromedriver\win32\102.0.5005.61\chromedriver.exe
Starting ChromeDriver 102.0.5005.61 (0e59bcc00cc4985ce39ad31c150065f159d95ad3-refs/branch-heads/5005@{#819}) on port 39122
Only local connections are allowed.
Please see https://chromedriver.chromium.org/security-considerations for suggestions on keeping ChromeDriver safe.
ChromeDriver was started successfully.
Jun 17, 2022 11:20:12 AM org.openqa.selenium.remote.ProtocolHandshake createSession
INFO: Detected dialect: W3C
]]></system-err>
  </testcase>
  <testcase name="addToCartTest[t-shirt, 2.0, M](1)" classname="com.myamazon.testcases.CartAddTest" time="28.63">
    <system-out><![CDATA[11:22:22.367 [main] INFO  com.myamazon.utility.Log - -------------Start addToCartTest------------------------
11:22:22.368 [main] INFO  com.myamazon.utility.Log - Index Page loaded
11:22:22.537 [main] INFO  com.myamazon.utility.Log - Entered text :t-shirt
Successfully entered value
11:22:30.308 [main] INFO  com.myamazon.utility.Log - Search Result Page loaded
11:22:47.051 [main] INFO  com.myamazon.utility.Log - Clicked on product on Search Result Page
11:22:47.286 [main] INFO  com.myamazon.utility.Log - Entered text :2.0
Successfully entered value
11:22:47.286 [main] INFO  com.myamazon.utility.Log - Entered quantity
11:22:47.448 [main] INFO  com.myamazon.utility.Log - Dropdown option selected
11:22:47.448 [main] INFO  com.myamazon.utility.Log - Selected size
11:22:47.636 [main] INFO  com.myamazon.utility.Log - Clicked on Add to Cart button
11:22:50.997 [main] INFO  com.myamazon.utility.Log - addToCartMessage validated successfully
11:22:50.997 [main] INFO  com.myamazon.utility.Log - -------------End addToCartTest------------------------
]]></system-out>
    <system-err><![CDATA[[main] INFO io.github.bonigarcia.wdm.WebDriverManager - Please answer the following questionnaire based on your experience with WebDriverManager. Thanks a lot!
[main] INFO io.github.bonigarcia.wdm.WebDriverManager - ====> http://tiny.cc/wdm-survey <====
[main] INFO io.github.bonigarcia.wdm.WebDriverManager - Using chromedriver 102.0.5005.61 (since Chrome 102 is installed in your machine)
[main] INFO io.github.bonigarcia.wdm.WebDriverManager - Exporting webdriver.chrome.driver as C:\Users\kanwaljeetsingh\.m2\repository\webdriver\chromedriver\win32\102.0.5005.61\chromedriver.exe
Starting ChromeDriver 102.0.5005.61 (0e59bcc00cc4985ce39ad31c150065f159d95ad3-refs/branch-heads/5005@{#819}) on port 37049
Only local connections are allowed.
Please see https://chromedriver.chromium.org/security-considerations for suggestions on keeping ChromeDriver safe.
ChromeDriver was started successfully.
Jun 17, 2022 11:21:51 AM org.openqa.selenium.remote.ProtocolHandshake createSession
INFO: Detected dialect: W3C
]]></system-err>
  </testcase>
  <testcase name="storeTitleTest" classname="com.myamazon.testcases.TitleTest" time="0.008">
    <system-out><![CDATA[11:23:11.276 [main] INFO  com.myamazon.utility.Log - -------------Start storeTitleTest------------------------
11:23:11.276 [main] INFO  com.myamazon.utility.Log - Index Page loaded
11:23:11.281 [main] INFO  com.myamazon.utility.Log - Store title validated successfully
11:23:11.282 [main] INFO  com.myamazon.utility.Log - -------------End storeTitleTest------------------------
]]></system-out>
    <system-err><![CDATA[[main] INFO io.github.bonigarcia.wdm.WebDriverManager - Please answer the following questionnaire based on your experience with WebDriverManager. Thanks a lot!
[main] INFO io.github.bonigarcia.wdm.WebDriverManager - ====> http://tiny.cc/wdm-survey <====
[main] INFO io.github.bonigarcia.wdm.WebDriverManager - Using chromedriver 102.0.5005.61 (since Chrome 102 is installed in your machine)
[main] INFO io.github.bonigarcia.wdm.WebDriverManager - Exporting webdriver.chrome.driver as C:\Users\kanwaljeetsingh\.m2\repository\webdriver\chromedriver\win32\102.0.5005.61\chromedriver.exe
Starting ChromeDriver 102.0.5005.61 (0e59bcc00cc4985ce39ad31c150065f159d95ad3-refs/branch-heads/5005@{#819}) on port 45146
Only local connections are allowed.
Please see https://chromedriver.chromium.org/security-considerations for suggestions on keeping ChromeDriver safe.
ChromeDriver was started successfully.
Jun 17, 2022 11:22:53 AM org.openqa.selenium.remote.ProtocolHandshake createSession
INFO: Detected dialect: W3C
]]></system-err>
  </testcase>
  <testcase name="productAvailabilityTest[t-shirt](1)" classname="com.myamazon.testcases.ProductAvailableTest" time="4.598">
    <system-out><![CDATA[11:23:26.395 [main] INFO  com.myamazon.utility.Log - -------------Start productAvailabilityTest------------------------
11:23:26.395 [main] INFO  com.myamazon.utility.Log - Index Page loaded
11:23:26.541 [main] INFO  com.myamazon.utility.Log - Entered text :t-shirt
Successfully entered value
11:23:30.888 [main] INFO  com.myamazon.utility.Log - Search Result Page loaded
11:23:30.993 [main] INFO  com.myamazon.utility.Log - productAvailability validated successfully
11:23:30.993 [main] INFO  com.myamazon.utility.Log - -------------End productAvailabilityTest------------------------
]]></system-out>
    <system-err><![CDATA[[main] INFO io.github.bonigarcia.wdm.WebDriverManager - Please answer the following questionnaire based on your experience with WebDriverManager. Thanks a lot!
[main] INFO io.github.bonigarcia.wdm.WebDriverManager - ====> http://tiny.cc/wdm-survey <====
[main] INFO io.github.bonigarcia.wdm.WebDriverManager - Using chromedriver 102.0.5005.61 (since Chrome 102 is installed in your machine)
[main] INFO io.github.bonigarcia.wdm.WebDriverManager - Exporting webdriver.chrome.driver as C:\Users\kanwaljeetsingh\.m2\repository\webdriver\chromedriver\win32\102.0.5005.61\chromedriver.exe
Starting ChromeDriver 102.0.5005.61 (0e59bcc00cc4985ce39ad31c150065f159d95ad3-refs/branch-heads/5005@{#819}) on port 30806
Only local connections are allowed.
Please see https://chromedriver.chromium.org/security-considerations for suggestions on keeping ChromeDriver safe.
ChromeDriver was started successfully.
Jun 17, 2022 11:23:13 AM org.openqa.selenium.remote.ProtocolHandshake createSession
INFO: Detected dialect: W3C
]]></system-err>
  </testcase>
  <testcase name="orderHistoryDetailTest[vineet123456@gmail.com, vineet123](1)" classname="com.myamazon.testcases.OrderHistoryWishlistLabelTest" time="14.719">
    <system-out><![CDATA[11:23:58.584 [main] INFO  com.myamazon.utility.Log - -------------Start orderHistoryTest------------------------
11:23:58.585 [main] INFO  com.myamazon.utility.Log - Index Page loaded
11:24:05.082 [main] INFO  com.myamazon.utility.Log - Clicked on Sign in button
11:24:05.285 [main] INFO  com.myamazon.utility.Log - Entered text :vineet123456@gmail.com
Successfully entered value
11:24:05.471 [main] INFO  com.myamazon.utility.Log - Entered text :vineet123
Successfully entered value
11:24:13.240 [main] INFO  com.myamazon.utility.Log - Entered Email address and password for login
11:24:13.302 [main] INFO  com.myamazon.utility.Log - orderHistory label validated successfully
11:24:13.302 [main] INFO  com.myamazon.utility.Log - -------------End orderHistoryTest------------------------
]]></system-out>
    <system-err><![CDATA[[main] INFO io.github.bonigarcia.wdm.WebDriverManager - Please answer the following questionnaire based on your experience with WebDriverManager. Thanks a lot!
[main] INFO io.github.bonigarcia.wdm.WebDriverManager - ====> http://tiny.cc/wdm-survey <====
[main] INFO io.github.bonigarcia.wdm.WebDriverManager - Using chromedriver 102.0.5005.61 (since Chrome 102 is installed in your machine)
[main] INFO io.github.bonigarcia.wdm.WebDriverManager - Exporting webdriver.chrome.driver as C:\Users\kanwaljeetsingh\.m2\repository\webdriver\chromedriver\win32\102.0.5005.61\chromedriver.exe
Starting ChromeDriver 102.0.5005.61 (0e59bcc00cc4985ce39ad31c150065f159d95ad3-refs/branch-heads/5005@{#819}) on port 36322
Only local connections are allowed.
Please see https://chromedriver.chromium.org/security-considerations for suggestions on keeping ChromeDriver safe.
ChromeDriver was started successfully.
Jun 17, 2022 11:23:32 AM org.openqa.selenium.remote.ProtocolHandshake createSession
INFO: Detected dialect: W3C
]]></system-err>
  </testcase>
  <testcase name="wishlistTest" classname="com.myamazon.testcases.OrderHistoryWishlistLabelTest" time="10.033">
    <system-out><![CDATA[11:24:38.485 [main] INFO  com.myamazon.utility.Log - Entered text :vineet123456@gmail.com
Successfully entered value
11:24:38.644 [main] INFO  com.myamazon.utility.Log - Entered text :vineet123
Successfully entered value
]]></system-out>
    <system-err><![CDATA[[main] INFO io.github.bonigarcia.wdm.WebDriverManager - Please answer the following questionnaire based on your experience with WebDriverManager. Thanks a lot!
[main] INFO io.github.bonigarcia.wdm.WebDriverManager - ====> http://tiny.cc/wdm-survey <====
[main] INFO io.github.bonigarcia.wdm.WebDriverManager - Using chromedriver 102.0.5005.61 (since Chrome 102 is installed in your machine)
[main] INFO io.github.bonigarcia.wdm.WebDriverManager - Exporting webdriver.chrome.driver as C:\Users\kanwaljeetsingh\.m2\repository\webdriver\chromedriver\win32\102.0.5005.61\chromedriver.exe
Starting ChromeDriver 102.0.5005.61 (0e59bcc00cc4985ce39ad31c150065f159d95ad3-refs/branch-heads/5005@{#819}) on port 2215
Only local connections are allowed.
Please see https://chromedriver.chromium.org/security-considerations for suggestions on keeping ChromeDriver safe.
ChromeDriver was started successfully.
Jun 17, 2022 11:24:15 AM org.openqa.selenium.remote.ProtocolHandshake createSession
INFO: Detected dialect: W3C
]]></system-err>
  </testcase>
  <testcase name="totalPriceTest[t-shirt, 2.0, M](1)" classname="com.myamazon.testcases.TotalPriceTest" time="152.259">
    <system-out><![CDATA[11:24:55.578 [main] INFO  com.myamazon.utility.Log - -------------Start totalPriceTest------------------------
11:24:55.578 [main] INFO  com.myamazon.utility.Log - Index Page loaded
11:24:55.761 [main] INFO  com.myamazon.utility.Log - Entered text :t-shirt
Successfully entered value
11:25:06.902 [main] INFO  com.myamazon.utility.Log - Search Result Page loaded
11:25:17.506 [main] INFO  com.myamazon.utility.Log - Clicked on product on Search Result Page
11:25:17.688 [main] INFO  com.myamazon.utility.Log - Entered text :2.0
Successfully entered value
11:25:17.689 [main] INFO  com.myamazon.utility.Log - Entered quantity
11:25:17.866 [main] INFO  com.myamazon.utility.Log - Dropdown option selected
11:25:17.866 [main] INFO  com.myamazon.utility.Log - Selected size
11:25:18.117 [main] INFO  com.myamazon.utility.Log - Clicked on Add to Cart button
11:27:27.706 [main] INFO  com.myamazon.utility.Log - Clicked on Proceed to Checkout button on Add to Cart page
11:27:27.835 [main] INFO  com.myamazon.utility.Log - totalExpectedPrice validated successfully
11:27:27.835 [main] INFO  com.myamazon.utility.Log - -------------End totalPriceTest------------------------
]]></system-out>
    <system-err><![CDATA[[main] INFO io.github.bonigarcia.wdm.WebDriverManager - Please answer the following questionnaire based on your experience with WebDriverManager. Thanks a lot!
[main] INFO io.github.bonigarcia.wdm.WebDriverManager - ====> http://tiny.cc/wdm-survey <====
[main] INFO io.github.bonigarcia.wdm.WebDriverManager - Using chromedriver 102.0.5005.61 (since Chrome 102 is installed in your machine)
[main] INFO io.github.bonigarcia.wdm.WebDriverManager - Exporting webdriver.chrome.driver as C:\Users\kanwaljeetsingh\.m2\repository\webdriver\chromedriver\win32\102.0.5005.61\chromedriver.exe
Starting ChromeDriver 102.0.5005.61 (0e59bcc00cc4985ce39ad31c150065f159d95ad3-refs/branch-heads/5005@{#819}) on port 34219
Only local connections are allowed.
Please see https://chromedriver.chromium.org/security-considerations for suggestions on keeping ChromeDriver safe.
ChromeDriver was started successfully.
Jun 17, 2022 11:24:45 AM org.openqa.selenium.remote.ProtocolHandshake createSession
INFO: Detected dialect: W3C
]]></system-err>
  </testcase>
</testsuite>