<?xml version="1.0" encoding="UTF-8"?>
<!-- Generated by org.testng.reporters.JUnitReportReporter -->
<testsuite hostname="IN-9H42M63" failures="0" tests="2" name="com.myamazon.testcases.OrderHistoryWishlistLabelTest" time="37.687" errors="0" timestamp="2022-06-12T17:50:34 IST" skipped="0">
  <testcase classname="com.myamazon.testcases.OrderHistoryWishlistLabelTest" name="orderHistoryDetailTest" time="19.113"/>
  <system-out/>
  <testcase classname="com.myamazon.testcases.OrderHistoryWishlistLabelTest" name="wishlistTest" time="18.574"/>
  <system-out/>
</testsuite> <!-- com.myamazon.testcases.OrderHistoryWishlistLabelTest -->
