<?xml version="1.0" encoding="UTF-8"?>
<!-- Generated by org.testng.reporters.JUnitReportReporter -->
<testsuite hostname="IN-9H42M63" failures="0" tests="1" name="com.myamazon.testcases.EndToEndTest" time="40.373" errors="0" timestamp="2022-06-12T17:50:34 IST" skipped="0">
  <testcase classname="com.myamazon.testcases.EndToEndTest" name="endToEndTest" time="40.373"/>
  <system-out/>
</testsuite> <!-- com.myamazon.testcases.EndToEndTest -->
