<?xml version="1.0" encoding="UTF-8"?>
<!-- Generated by org.testng.reporters.JUnitReportReporter -->
<testsuite hostname="IN-9H42M63" failures="0" tests="2" name="com.myamazon.testcases.OrderHistoryWishlistLabelTest" time="72.292" errors="0" timestamp="2022-06-17T11:27:29 IST" skipped="0">
  <testcase classname="com.myamazon.testcases.OrderHistoryWishlistLabelTest" name="orderHistoryDetailTest" time="34.661"/>
  <system-out/>
  <testcase classname="com.myamazon.testcases.OrderHistoryWishlistLabelTest" name="wishlistTest" time="37.631"/>
  <system-out/>
</testsuite> <!-- com.myamazon.testcases.OrderHistoryWishlistLabelTest -->
